2024-10-24 16:56:06.612 [info] Extension host with pid 24425 started
2024-10-24 16:56:06.612 [info] Skipping acquiring lock for /root/ROS_vehicle/~/.vscode-root/User/workspaceStorage/c61a694cb2a32f62d5c98dcc38ea6b57.
2024-10-24 16:56:06.867 [info] ExtensionService#_doActivateExtension vscode.emmet, startup: false, activationEvent: 'onLanguage'
2024-10-24 16:56:06.935 [info] ExtensionService#_doActivateExtension vscode.git-base, startup: true, activationEvent: '*', root cause: vscode.git
2024-10-24 16:56:06.939 [info] ExtensionService#_doActivateExtension ms-python.python, startup: true, activationEvent: 'workspaceContains:.venv'
2024-10-24 16:56:07.448 [info] ExtensionService#_doActivateExtension vscode.git, startup: true, activationEvent: '*'
2024-10-24 16:56:07.592 [info] ExtensionService#_doActivateExtension vscode.github, startup: true, activationEvent: '*'
2024-10-24 16:56:07.854 [info] Eager extensions activated
2024-10-24 16:56:07.988 [info] ExtensionService#_doActivateExtension vscode.debug-auto-launch, startup: false, activationEvent: 'onStartupFinished'
2024-10-24 16:56:07.991 [info] ExtensionService#_doActivateExtension vscode.merge-conflict, startup: false, activationEvent: 'onStartupFinished'
2024-10-24 16:56:08.217 [info] ExtensionService#_doActivateExtension ms-python.vscode-pylance, startup: false, activationEvent: 'api', root cause: ms-python.python
2024-10-24 16:56:08.942 [info] ExtensionService#_doActivateExtension vscode.github-authentication, startup: false, activationEvent: 'onAuthenticationRequest:github'
2024-10-24 17:23:18.482 [warning] [Decorations] CAPPING events from decorations provider vscode.git 253
2024-10-24 17:23:23.515 [warning] [Decorations] CAPPING events from decorations provider vscode.git 253
2024-10-24 17:23:28.547 [warning] [Decorations] CAPPING events from decorations provider vscode.git 253
2024-10-24 17:23:33.578 [warning] [Decorations] CAPPING events from decorations provider vscode.git 253
2024-10-24 17:23:38.606 [warning] [Decorations] CAPPING events from decorations provider vscode.git 253
2024-10-24 17:23:43.639 [warning] [Decorations] CAPPING events from decorations provider vscode.git 253
2024-10-24 17:23:48.671 [warning] [Decorations] CAPPING events from decorations provider vscode.git 253
2024-10-24 17:23:53.724 [warning] [Decorations] CAPPING events from decorations provider vscode.git 253
2024-10-24 17:23:58.753 [warning] [Decorations] CAPPING events from decorations provider vscode.git 254
2024-10-24 17:24:20.416 [warning] [Decorations] CAPPING events from decorations provider vscode.git 254
2024-10-24 17:24:25.447 [warning] [Decorations] CAPPING events from decorations provider vscode.git 255
2024-10-24 17:24:37.530 [warning] [Decorations] CAPPING events from decorations provider vscode.git 255
2024-10-24 17:24:52.685 [warning] [Decorations] CAPPING events from decorations provider vscode.git 256
2024-10-24 17:26:21.544 [warning] [Decorations] CAPPING events from decorations provider vscode.git 257
2024-10-24 17:26:26.575 [warning] [Decorations] CAPPING events from decorations provider vscode.git 258
2024-10-24 17:26:31.603 [warning] [Decorations] CAPPING events from decorations provider vscode.git 258
2024-10-24 17:26:36.631 [warning] [Decorations] CAPPING events from decorations provider vscode.git 258
2024-10-24 17:26:41.671 [warning] [Decorations] CAPPING events from decorations provider vscode.git 258
2024-10-24 17:26:46.700 [warning] [Decorations] CAPPING events from decorations provider vscode.git 258
2024-10-24 17:26:51.728 [warning] [Decorations] CAPPING events from decorations provider vscode.git 258
2024-10-24 17:26:56.755 [warning] [Decorations] CAPPING events from decorations provider vscode.git 258
2024-10-24 17:27:01.784 [warning] [Decorations] CAPPING events from decorations provider vscode.git 258
2024-10-24 17:27:06.810 [warning] [Decorations] CAPPING events from decorations provider vscode.git 258
2024-10-24 17:27:11.846 [warning] [Decorations] CAPPING events from decorations provider vscode.git 258
2024-10-24 17:27:16.877 [warning] [Decorations] CAPPING events from decorations provider vscode.git 259
2024-10-24 17:27:22.208 [warning] [Decorations] CAPPING events from decorations provider vscode.git 258
2024-10-24 17:27:29.693 [warning] [Decorations] CAPPING events from decorations provider vscode.git 258
2024-10-24 17:28:10.997 [warning] [Decorations] CAPPING events from decorations provider vscode.git 258
2024-10-24 17:28:16.062 [warning] [Decorations] CAPPING events from decorations provider vscode.git 259
2024-10-24 17:28:21.134 [warning] [Decorations] CAPPING events from decorations provider vscode.git 259
2024-10-24 17:28:26.211 [warning] [Decorations] CAPPING events from decorations provider vscode.git 260
2024-10-24 17:28:55.282 [warning] [Decorations] CAPPING events from decorations provider vscode.git 259
2024-10-24 17:29:00.344 [warning] [Decorations] CAPPING events from decorations provider vscode.git 266
2024-10-24 17:30:25.035 [warning] [Decorations] CAPPING events from decorations provider vscode.git 267
2024-10-24 17:30:30.066 [warning] [Decorations] CAPPING events from decorations provider vscode.git 266
2024-10-24 17:30:35.093 [warning] [Decorations] CAPPING events from decorations provider vscode.git 267
2024-10-24 17:30:40.124 [warning] [Decorations] CAPPING events from decorations provider vscode.git 267
2024-10-24 17:30:45.154 [warning] [Decorations] CAPPING events from decorations provider vscode.git 267
2024-10-24 17:30:50.183 [warning] [Decorations] CAPPING events from decorations provider vscode.git 267
2024-10-24 17:30:55.214 [warning] [Decorations] CAPPING events from decorations provider vscode.git 267
2024-10-24 17:31:00.247 [warning] [Decorations] CAPPING events from decorations provider vscode.git 267
2024-10-24 17:31:05.279 [warning] [Decorations] CAPPING events from decorations provider vscode.git 267
2024-10-24 17:31:10.312 [warning] [Decorations] CAPPING events from decorations provider vscode.git 267
2024-10-24 17:31:15.339 [warning] [Decorations] CAPPING events from decorations provider vscode.git 267
2024-10-24 17:31:47.433 [warning] [Decorations] CAPPING events from decorations provider vscode.git 268
2024-10-24 17:31:52.463 [warning] [Decorations] CAPPING events from decorations provider vscode.git 268
2024-10-24 17:32:05.244 [warning] [Decorations] CAPPING events from decorations provider vscode.git 269
2024-10-24 17:32:52.026 [warning] [Decorations] CAPPING events from decorations provider vscode.git 269
2024-10-24 17:32:57.096 [warning] [Decorations] CAPPING events from decorations provider vscode.git 270
2024-10-24 17:33:02.164 [warning] [Decorations] CAPPING events from decorations provider vscode.git 270
2024-10-24 17:33:07.223 [warning] [Decorations] CAPPING events from decorations provider vscode.git 270
2024-10-24 17:33:12.300 [warning] [Decorations] CAPPING events from decorations provider vscode.git 271
2024-10-24 17:33:17.432 [warning] [Decorations] CAPPING events from decorations provider vscode.git 270
2024-10-24 17:33:54.381 [warning] [Decorations] CAPPING events from decorations provider vscode.git 270
2024-10-24 17:33:59.410 [warning] [Decorations] CAPPING events from decorations provider vscode.git 276
2024-10-24 17:34:04.442 [warning] [Decorations] CAPPING events from decorations provider vscode.git 276
2024-10-24 17:34:09.471 [warning] [Decorations] CAPPING events from decorations provider vscode.git 276
2024-10-24 17:34:14.503 [warning] [Decorations] CAPPING events from decorations provider vscode.git 276
2024-10-24 17:34:19.535 [warning] [Decorations] CAPPING events from decorations provider vscode.git 276
2024-10-24 17:34:24.565 [warning] [Decorations] CAPPING events from decorations provider vscode.git 276
2024-10-24 17:34:29.594 [warning] [Decorations] CAPPING events from decorations provider vscode.git 276
2024-10-24 17:35:01.940 [warning] [Decorations] CAPPING events from decorations provider vscode.git 277
2024-10-24 17:35:50.556 [warning] [Decorations] CAPPING events from decorations provider vscode.git 277
2024-10-24 17:35:55.585 [warning] [Decorations] CAPPING events from decorations provider vscode.git 278
2024-10-24 17:36:00.613 [warning] [Decorations] CAPPING events from decorations provider vscode.git 278
2024-10-24 17:36:05.644 [warning] [Decorations] CAPPING events from decorations provider vscode.git 278
2024-10-24 17:36:10.673 [warning] [Decorations] CAPPING events from decorations provider vscode.git 278
2024-10-24 17:36:31.357 [warning] [Decorations] CAPPING events from decorations provider vscode.git 279
2024-10-24 17:36:36.384 [warning] [Decorations] CAPPING events from decorations provider vscode.git 279
2024-10-24 17:36:41.412 [warning] [Decorations] CAPPING events from decorations provider vscode.git 279
2024-10-24 17:36:46.440 [warning] [Decorations] CAPPING events from decorations provider vscode.git 279
2024-10-24 17:36:51.469 [warning] [Decorations] CAPPING events from decorations provider vscode.git 279
2024-10-24 17:36:56.500 [warning] [Decorations] CAPPING events from decorations provider vscode.git 279
2024-10-24 17:37:01.533 [warning] [Decorations] CAPPING events from decorations provider vscode.git 279
2024-10-24 17:37:06.563 [warning] [Decorations] CAPPING events from decorations provider vscode.git 279
2024-10-24 17:37:11.594 [warning] [Decorations] CAPPING events from decorations provider vscode.git 279
2024-10-24 17:37:16.627 [warning] [Decorations] CAPPING events from decorations provider vscode.git 279
2024-10-24 17:39:20.611 [warning] [Decorations] CAPPING events from decorations provider vscode.git 282
2024-10-24 17:39:25.638 [warning] [Decorations] CAPPING events from decorations provider vscode.git 282
2024-10-24 17:39:30.671 [warning] [Decorations] CAPPING events from decorations provider vscode.git 282
2024-10-24 17:39:35.698 [warning] [Decorations] CAPPING events from decorations provider vscode.git 282
2024-10-24 17:39:40.730 [warning] [Decorations] CAPPING events from decorations provider vscode.git 282
2024-10-24 17:39:45.756 [warning] [Decorations] CAPPING events from decorations provider vscode.git 282
2024-10-24 17:39:50.788 [warning] [Decorations] CAPPING events from decorations provider vscode.git 283
2024-10-24 17:40:53.898 [warning] [Decorations] CAPPING events from decorations provider vscode.git 282
2024-10-24 17:40:58.967 [warning] [Decorations] CAPPING events from decorations provider vscode.git 283
2024-10-24 17:41:06.836 [warning] [Decorations] CAPPING events from decorations provider vscode.git 284
2024-10-24 17:41:47.304 [warning] [Decorations] CAPPING events from decorations provider vscode.git 283
2024-10-24 17:41:52.332 [warning] [Decorations] CAPPING events from decorations provider vscode.git 284
2024-10-24 17:41:57.364 [warning] [Decorations] CAPPING events from decorations provider vscode.git 284
2024-10-24 17:42:15.873 [warning] [Decorations] CAPPING events from decorations provider vscode.git 285
2024-10-24 17:42:45.273 [warning] [Decorations] CAPPING events from decorations provider vscode.git 285
2024-10-24 17:42:50.311 [warning] [Decorations] CAPPING events from decorations provider vscode.git 286
2024-10-24 17:42:55.345 [warning] [Decorations] CAPPING events from decorations provider vscode.git 286
2024-10-24 17:43:00.396 [warning] [Decorations] CAPPING events from decorations provider vscode.git 286
2024-10-24 17:43:05.424 [warning] [Decorations] CAPPING events from decorations provider vscode.git 286
2024-10-24 17:43:10.452 [warning] [Decorations] CAPPING events from decorations provider vscode.git 286
2024-10-24 17:44:50.205 [warning] [Decorations] CAPPING events from decorations provider vscode.git 290
2024-10-24 17:44:55.237 [warning] [Decorations] CAPPING events from decorations provider vscode.git 290
2024-10-24 17:45:00.269 [warning] [Decorations] CAPPING events from decorations provider vscode.git 290
2024-10-24 17:45:05.304 [warning] [Decorations] CAPPING events from decorations provider vscode.git 290
2024-10-24 17:45:10.337 [warning] [Decorations] CAPPING events from decorations provider vscode.git 290
2024-10-24 17:45:15.368 [warning] [Decorations] CAPPING events from decorations provider vscode.git 290
2024-10-24 17:45:20.402 [warning] [Decorations] CAPPING events from decorations provider vscode.git 290
2024-10-24 17:45:25.434 [warning] [Decorations] CAPPING events from decorations provider vscode.git 290
2024-10-24 17:45:30.466 [warning] [Decorations] CAPPING events from decorations provider vscode.git 290
2024-10-24 17:45:35.501 [warning] [Decorations] CAPPING events from decorations provider vscode.git 290
2024-10-24 17:45:44.001 [warning] [Decorations] CAPPING events from decorations provider vscode.git 290
2024-10-24 17:45:49.050 [warning] [Decorations] CAPPING events from decorations provider vscode.git 290
2024-10-24 17:45:54.111 [warning] [Decorations] CAPPING events from decorations provider vscode.git 290
2024-10-24 17:45:59.138 [warning] [Decorations] CAPPING events from decorations provider vscode.git 290
2024-10-24 17:46:04.170 [warning] [Decorations] CAPPING events from decorations provider vscode.git 291
2024-10-24 17:46:09.199 [warning] [Decorations] CAPPING events from decorations provider vscode.git 290
2024-10-24 17:46:14.231 [warning] [Decorations] CAPPING events from decorations provider vscode.git 290
2024-10-24 17:46:19.263 [warning] [Decorations] CAPPING events from decorations provider vscode.git 290
2024-10-24 17:46:24.296 [warning] [Decorations] CAPPING events from decorations provider vscode.git 290
2024-10-24 17:46:29.357 [warning] [Decorations] CAPPING events from decorations provider vscode.git 290
2024-10-24 17:46:34.387 [warning] [Decorations] CAPPING events from decorations provider vscode.git 291
2024-10-24 17:46:39.421 [warning] [Decorations] CAPPING events from decorations provider vscode.git 291
2024-10-24 17:46:44.451 [warning] [Decorations] CAPPING events from decorations provider vscode.git 291
2024-10-24 17:46:49.482 [warning] [Decorations] CAPPING events from decorations provider vscode.git 291
2024-10-24 17:47:15.147 [warning] [Decorations] CAPPING events from decorations provider vscode.git 292
2024-10-24 17:47:35.959 [warning] [Decorations] CAPPING events from decorations provider vscode.git 292
2024-10-24 17:47:40.988 [warning] [Decorations] CAPPING events from decorations provider vscode.git 293
2024-10-24 17:49:33.504 [warning] [Decorations] CAPPING events from decorations provider vscode.git 298
2024-10-24 17:49:38.538 [warning] [Decorations] CAPPING events from decorations provider vscode.git 297
2024-10-24 17:49:43.568 [warning] [Decorations] CAPPING events from decorations provider vscode.git 298
2024-10-24 17:49:48.598 [warning] [Decorations] CAPPING events from decorations provider vscode.git 298
2024-10-24 17:49:53.626 [warning] [Decorations] CAPPING events from decorations provider vscode.git 298
2024-10-24 17:49:58.656 [warning] [Decorations] CAPPING events from decorations provider vscode.git 298
2024-10-24 17:50:03.684 [warning] [Decorations] CAPPING events from decorations provider vscode.git 298
2024-10-24 17:50:08.711 [warning] [Decorations] CAPPING events from decorations provider vscode.git 298
2024-10-24 17:50:13.742 [warning] [Decorations] CAPPING events from decorations provider vscode.git 298
2024-10-24 17:50:18.770 [warning] [Decorations] CAPPING events from decorations provider vscode.git 298
2024-10-24 17:50:23.797 [warning] [Decorations] CAPPING events from decorations provider vscode.git 298
2024-10-24 17:50:28.841 [warning] [Decorations] CAPPING events from decorations provider vscode.git 298
2024-10-24 17:50:33.873 [warning] [Decorations] CAPPING events from decorations provider vscode.git 298
2024-10-24 17:50:38.905 [warning] [Decorations] CAPPING events from decorations provider vscode.git 298
2024-10-24 17:50:43.936 [warning] [Decorations] CAPPING events from decorations provider vscode.git 298
2024-10-24 17:51:14.709 [warning] [Decorations] CAPPING events from decorations provider vscode.git 299
2024-10-24 17:51:19.739 [warning] [Decorations] CAPPING events from decorations provider vscode.git 299
2024-10-24 17:51:32.504 [warning] [Decorations] CAPPING events from decorations provider vscode.git 300
2024-10-24 17:51:57.647 [warning] [Decorations] CAPPING events from decorations provider vscode.git 300
2024-10-24 17:52:02.674 [warning] [Decorations] CAPPING events from decorations provider vscode.git 300
2024-10-24 17:52:07.703 [warning] [Decorations] CAPPING events from decorations provider vscode.git 301
2024-10-24 17:52:12.732 [warning] [Decorations] CAPPING events from decorations provider vscode.git 301
2024-10-24 17:52:17.757 [warning] [Decorations] CAPPING events from decorations provider vscode.git 301
2024-10-24 17:52:22.790 [warning] [Decorations] CAPPING events from decorations provider vscode.git 301
2024-10-24 17:52:27.818 [warning] [Decorations] CAPPING events from decorations provider vscode.git 301
2024-10-24 17:52:32.849 [warning] [Decorations] CAPPING events from decorations provider vscode.git 301
2024-10-24 17:52:37.875 [warning] [Decorations] CAPPING events from decorations provider vscode.git 301
2024-10-24 17:52:42.907 [warning] [Decorations] CAPPING events from decorations provider vscode.git 302
2024-10-24 17:53:07.383 [warning] [Decorations] CAPPING events from decorations provider vscode.git 301
2024-10-24 17:53:12.413 [warning] [Decorations] CAPPING events from decorations provider vscode.git 302
