2024-10-24 16:56:07.907 [info] Starting Python Locator /root/.vscode/extensions/ms-python.python-2024.16.1-linux-x64/python-env-tools/bin/pet server
2024-10-24 16:56:08.148 [info] Discovered env: /root/ROS_vehicle/.venv/bin/python
2024-10-24 16:56:09.133 [info] Discovered env: /bin/python3
2024-10-24 16:56:09.209 [info] Discovered env: /bin/python3.10
2024-10-24 16:56:09.260 [info] Discovered env: /usr/bin/python3
2024-10-24 16:56:09.261 [info] Discovered env: /usr/bin/python3.10
2024-10-24 16:56:09.262 [info] Locator Conda took 167.604702ms
2024-10-24 16:56:09.262 [info] Locator Homebrew took 392.786µs
2024-10-24 16:56:09.263 [info] Locator LinuxGlobal took 84.559094ms
2024-10-24 16:56:09.263 [info] Locator PipEnv took 14.251µs
2024-10-24 16:56:09.263 [info] Locator Poetry took 1.153949ms
2024-10-24 16:56:09.263 [info] Locator PyEnv took 448.088µs
2024-10-24 16:56:09.264 [info] Locator Venv took 26.541µs
2024-10-24 16:56:09.264 [info] Locator VirtualEnv took 25.061µs
2024-10-24 16:56:09.264 [info] Locator VirtualEnvWrapper took 429.967µs
2024-10-24 16:56:09.264 [info] Locator GlobalVirtualEnvs took 3.238206ms
2024-10-24 16:56:09.265 [info] Locator Locators took 168.267184ms
2024-10-24 16:56:09.265 [info] Locator Path took 103.187403ms
2024-10-24 16:56:09.265 [info] Locator Workspaces took 61.655677ms
2024-10-24 16:56:09.266 [info] Refresh completed in 168ms
2024-10-24 16:56:09.270 [info] Resolved /bin/python3
2024-10-24 16:56:09.272 [info] Resolved /bin/python3.10
2024-10-24 16:56:09.277 [info] Resolved /usr/bin/python3.10
