2024-10-24 16:56:07.906 [info] Experiment 'pythonaa' is active
2024-10-24 16:56:07.906 [info] Experiment 'pythonRecommendTensorboardExt' is active
2024-10-24 16:56:07.906 [info] Experiment 'pythonSurveyNotificationcf' is active
2024-10-24 16:56:07.906 [info] Experiment 'pythonTerminalEnvVarActivation' is active
2024-10-24 16:56:07.906 [info] Experiment 'pythonTestAdapter' is active
2024-10-24 16:56:07.906 [warning] Dir "/root/ROS_vehicle/.pixi/envs" is not watchable (directory does not exist)
2024-10-24 16:56:07.907 [info] Default formatter is set to null for workspace /root/ROS_vehicle
2024-10-24 16:56:07.907 [info] Python interpreter path: ./.venv/bin/python
2024-10-24 16:56:07.956 [info] > pyenv which python
2024-10-24 16:56:07.956 [info] cwd: .
2024-10-24 16:56:08.156 [info] > pixi --version
2024-10-24 16:56:09.111 [info] > . ./.venv/bin/activate && echo 'e8b39361-0157-4923-80e1-22d70d46dee6' && python ~/.vscode/extensions/ms-python.python-2024.16.1-linux-x64/python_files/printEnvVariables.py
2024-10-24 16:56:09.111 [info] shell: bash
2024-10-24 16:56:09.230 [info] > /bin/python3 ~/.vscode/extensions/ms-python.python-2024.16.1-linux-x64/python_files/printEnvVariables.py
2024-10-24 16:56:09.230 [info] shell: bash
2024-10-24 16:56:09.293 [info] Setting environment variable VIRTUAL_ENV in collection to /root/ROS_vehicle/.venv {"applyAtShellIntegration":true,"applyAtProcessCreation":true}
2024-10-24 16:56:09.293 [info] Setting environment variable VIRTUAL_ENV_PROMPT in collection to (.venv)  {"applyAtShellIntegration":true,"applyAtProcessCreation":true}
2024-10-24 16:56:09.293 [info] Prepending environment variable PS1 in collection with (.venv)  {"applyAtShellIntegration":true,"applyAtProcessCreation":false}
2024-10-24 16:56:09.293 [info] Prepending environment variable PATH in collection with /root/.vscode/extensions/ms-python.python-2024.16.1-linux-x64/python_files/deactivate/bash:/root/ROS_vehicle/.venv/bin: {"applyAtShellIntegration":true,"applyAtProcessCreation":true}
2024-10-24 16:56:09.294 [info] Send text to terminal: /bin/python3 /root/.vscode/extensions/ms-python.python-2024.16.1-linux-x64/python_files/printEnvVariablesToFile.py /root/.vscode/extensions/ms-python.python-2024.16.1-linux-x64/python_files/deactivate/bash/envVars.txt
2024-10-24 16:56:10.203 [info] Starting Pylance language server.
