2024-10-25 13:23:38.842 [info] [main] Log level: Info
2024-10-25 13:23:38.843 [info] [main] Validating found git in: "git"
2024-10-25 13:23:38.843 [info] [main] Using git "2.34.1" from "git"
2024-10-25 13:23:38.843 [info] [Model][doInitialScan] Initial repository scan started
2024-10-25 13:23:38.843 [info] > git rev-parse --show-toplevel [80ms]
2024-10-25 13:23:38.843 [info] > git rev-parse --git-dir --git-common-dir [3ms]
2024-10-25 13:23:38.843 [info] [Model][openRepository] Opened repository: /root/ROS_vehicle
2024-10-25 13:23:38.847 [info] > git config --get commit.template [13ms]
2024-10-25 13:23:38.866 [info] > git rev-parse --show-toplevel [8ms]
2024-10-25 13:23:38.900 [info] > git for-each-ref --format=%(refname)%00%(upstream:short)%00%(objectname)%00%(upstream:track)%00%(upstream:remotename)%00%(upstream:remoteref) refs/heads/main refs/remotes/main [35ms]
2024-10-25 13:23:38.929 [info] > git rev-parse --show-toplevel [31ms]
2024-10-25 13:23:38.953 [info] > git rev-parse --show-toplevel [10ms]
2024-10-25 13:23:38.993 [info] > git status -z -uall [34ms]
2024-10-25 13:23:38.993 [info] > git rev-parse --show-toplevel [15ms]
2024-10-25 13:23:38.994 [info] > git for-each-ref --sort -committerdate --format %(refname) %(objectname) %(*objectname) [21ms]
2024-10-25 13:23:39.059 [info] > git for-each-ref --format=%(refname)%00%(upstream:short)%00%(objectname)%00%(upstream:track)%00%(upstream:remotename)%00%(upstream:remoteref) refs/heads/main refs/remotes/main [25ms]
2024-10-25 13:23:39.076 [info] > git config --local branch.main.vscode-merge-base [8ms]
2024-10-25 13:23:39.084 [info] > git config --get commit.template [29ms]
2024-10-25 13:23:39.084 [info] > git rev-parse --show-toplevel [35ms]
2024-10-25 13:23:39.158 [info] > git for-each-ref --format=%(refname)%00%(upstream:short)%00%(objectname)%00%(upstream:track)%00%(upstream:remotename)%00%(upstream:remoteref) refs/heads/origin/main refs/remotes/origin/main [75ms]
2024-10-25 13:23:39.276 [info] > git merge-base refs/heads/main refs/remotes/origin/main [112ms]
2024-10-25 13:23:39.279 [info] > git rev-parse --show-toplevel [126ms]
2024-10-25 13:23:39.322 [info] > git diff --name-status -z --diff-filter=ADMR d3383ef4a4e53e600143e5a809897d7185de0ba3...refs/remotes/origin/main [43ms]
2024-10-25 13:23:39.322 [info] > git for-each-ref --format=%(refname)%00%(upstream:short)%00%(objectname)%00%(upstream:track)%00%(upstream:remotename)%00%(upstream:remoteref) refs/heads/main refs/remotes/main [57ms]
2024-10-25 13:23:39.340 [info] > git rev-parse --show-toplevel [19ms]
2024-10-25 13:23:39.342 [info] [Model][doInitialScan] Initial repository scan completed - repositories (1), closed repositories (0), parent repositories (0), unsafe repositories (0)
2024-10-25 13:23:39.358 [info] > git for-each-ref --sort -committerdate --format %(refname) %(objectname) %(*objectname) [4ms]
2024-10-25 13:23:39.371 [info] > git status -z -uall [21ms]
2024-10-25 13:23:39.387 [info] > git check-ignore -v -z --stdin [4ms]
2024-10-25 13:23:42.850 [info] > git show --textconv :building_robot.sdf [5ms]
2024-10-25 13:23:42.851 [info] > git ls-files --stage -- /root/ROS_vehicle/building_robot.sdf [1ms]
2024-10-25 13:23:42.859 [info] > git cat-file -s 530c5075f79f23758207c0b70c7f023de9868681 [2ms]
2024-10-25 13:23:44.168 [info] > git config --get commit.template [3ms]
2024-10-25 13:23:44.169 [info] > git for-each-ref --format=%(refname)%00%(upstream:short)%00%(objectname)%00%(upstream:track)%00%(upstream:remotename)%00%(upstream:remoteref) refs/heads/main refs/remotes/main [1ms]
2024-10-25 13:23:44.177 [info] > git for-each-ref --sort -committerdate --format %(refname) %(objectname) %(*objectname) [1ms]
2024-10-25 13:23:44.181 [info] > git status -z -uall [8ms]
2024-10-25 13:23:49.203 [info] > git config --get commit.template [5ms]
2024-10-25 13:23:49.204 [info] > git for-each-ref --format=%(refname)%00%(upstream:short)%00%(objectname)%00%(upstream:track)%00%(upstream:remotename)%00%(upstream:remoteref) refs/heads/main refs/remotes/main [1ms]
2024-10-25 13:23:49.218 [info] > git for-each-ref --sort -committerdate --format %(refname) %(objectname) %(*objectname) [2ms]
2024-10-25 13:23:49.226 [info] > git status -z -uall [16ms]
2024-10-25 13:23:54.253 [info] > git config --get commit.template [7ms]
2024-10-25 13:23:54.254 [info] > git for-each-ref --format=%(refname)%00%(upstream:short)%00%(objectname)%00%(upstream:track)%00%(upstream:remotename)%00%(upstream:remoteref) refs/heads/main refs/remotes/main [2ms]
2024-10-25 13:23:54.270 [info] > git for-each-ref --sort -committerdate --format %(refname) %(objectname) %(*objectname) [2ms]
2024-10-25 13:23:54.279 [info] > git status -z -uall [17ms]
2024-10-25 13:24:12.429 [info] > git config --get commit.template [2ms]
2024-10-25 13:24:12.442 [info] > git for-each-ref --format=%(refname)%00%(upstream:short)%00%(objectname)%00%(upstream:track)%00%(upstream:remotename)%00%(upstream:remoteref) refs/heads/main refs/remotes/main [2ms]
2024-10-25 13:24:12.457 [info] > git for-each-ref --sort -committerdate --format %(refname) %(objectname) %(*objectname) [1ms]
2024-10-25 13:24:12.460 [info] > git status -z -uall [9ms]
2024-10-25 13:24:17.475 [info] > git config --get commit.template [3ms]
2024-10-25 13:24:17.476 [info] > git for-each-ref --format=%(refname)%00%(upstream:short)%00%(objectname)%00%(upstream:track)%00%(upstream:remotename)%00%(upstream:remoteref) refs/heads/main refs/remotes/main [1ms]
2024-10-25 13:24:17.483 [info] > git for-each-ref --sort -committerdate --format %(refname) %(objectname) %(*objectname) [1ms]
2024-10-25 13:24:17.487 [info] > git status -z -uall [8ms]
2024-10-25 13:24:40.321 [info] > git config --get commit.template [7ms]
2024-10-25 13:24:40.323 [info] > git for-each-ref --format=%(refname)%00%(upstream:short)%00%(objectname)%00%(upstream:track)%00%(upstream:remotename)%00%(upstream:remoteref) refs/heads/main refs/remotes/main [1ms]
2024-10-25 13:24:40.343 [info] > git for-each-ref --sort -committerdate --format %(refname) %(objectname) %(*objectname) [2ms]
2024-10-25 13:24:40.352 [info] > git status -z -uall [19ms]
