2024-10-24 11:56:47.181 [info] Added views:outline in workbench.view.explorer
2024-10-24 11:56:47.181 [info] Added views:workbench.view.search in workbench.view.search
2024-10-24 11:56:47.181 [info] Added views:workbench.scm in workbench.view.scm
2024-10-24 11:56:47.181 [info] Added views:workbench.panel.markers.view in workbench.panel.markers
2024-10-24 11:56:47.181 [info] Added views:workbench.panel.output in workbench.panel.output
2024-10-24 11:56:47.181 [info] Added views:terminal in terminal
2024-10-24 11:56:47.181 [info] Added views:timeline in workbench.view.explorer
2024-10-24 11:56:47.181 [info] Added views:workbench.explorer.emptyView in workbench.view.explorer
2024-10-24 11:56:47.348 [info] Added views:workbench.debug.variablesView,workbench.debug.watchExpressionsView,workbench.debug.callStackView,workbench.debug.breakPointsView in workbench.view.debug
2024-10-24 11:56:48.056 [info] Added views:~remote.forwardedPorts in ~remote.forwardedPortsContainer
2024-10-24 11:56:48.377 [info] Added views:workbench.panel.repl.view in workbench.panel.repl
2024-10-24 11:56:48.378 [info] Removed views:workbench.debug.breakPointsView,workbench.debug.callStackView,workbench.debug.watchExpressionsView,workbench.debug.variablesView from workbench.view.debug
2024-10-24 11:56:48.380 [info] Added views:workbench.debug.welcome in workbench.view.debug
2024-10-24 11:56:56.987 [info] Added views:outline in workbench.view.explorer
2024-10-24 11:56:56.987 [info] Added views:workbench.view.search in workbench.view.search
2024-10-24 11:56:56.987 [info] Added views:workbench.scm in workbench.view.scm
2024-10-24 11:56:56.987 [info] Added views:workbench.panel.markers.view in workbench.panel.markers
2024-10-24 11:56:56.987 [info] Added views:workbench.panel.output in workbench.panel.output
2024-10-24 11:56:56.987 [info] Added views:terminal in terminal
2024-10-24 11:56:56.987 [info] Added views:timeline in workbench.view.explorer
2024-10-24 11:56:56.987 [info] Added views:workbench.explorer.fileView in workbench.view.explorer
2024-10-24 11:56:57.530 [info] Added views:workbench.debug.variablesView,workbench.debug.watchExpressionsView,workbench.debug.callStackView,workbench.debug.breakPointsView in workbench.view.debug
2024-10-24 11:56:57.572 [info] Added views:workbench.panel.repl.view in workbench.panel.repl
2024-10-24 11:56:57.572 [info] Removed views:workbench.debug.breakPointsView,workbench.debug.callStackView,workbench.debug.watchExpressionsView,workbench.debug.variablesView from workbench.view.debug
2024-10-24 11:56:57.573 [info] Added views:workbench.debug.welcome in workbench.view.debug
2024-10-24 11:56:57.761 [info] Added views:~remote.forwardedPorts in ~remote.forwardedPortsContainer
2024-10-24 11:56:58.277 [info] Added views:workbench.view.testing in workbench.view.extension.test
2024-10-24 11:56:59.245 [info] Removed views:workbench.view.testing from workbench.view.extension.test
2024-10-24 11:56:59.455 [info] Added views:workbench.scm.history in workbench.view.scm
2024-10-24 11:57:00.263 [info] Added views:workbench.view.testing in workbench.view.extension.test
2024-10-24 16:05:30.383 [info] Removed views:workbench.scm.history from workbench.view.scm
2024-10-24 16:05:30.384 [info] Removed views:workbench.view.testing from workbench.view.extension.test
