2024-10-25 13:23:36.119 [info] Experiment 'pythonaa' is active
2024-10-25 13:23:36.119 [info] Experiment 'pythonRecommendTensorboardExt' is active
2024-10-25 13:23:36.119 [info] Experiment 'pythonSurveyNotificationcf' is active
2024-10-25 13:23:36.119 [info] Experiment 'pythonTerminalEnvVarActivation' is active
2024-10-25 13:23:36.119 [info] Experiment 'pythonTestAdapter' is active
2024-10-25 13:23:36.147 [warning] Dir "/root/ROS_vehicle/.pixi/envs" is not watchable (directory does not exist)
2024-10-25 13:23:36.373 [info] > pyenv which python
2024-10-25 13:23:36.373 [info] cwd: .
2024-10-25 13:23:36.398 [info] > pixi --version
2024-10-25 13:23:36.411 [info] > python -c "import sys;print(sys.executable)"
2024-10-25 13:23:36.412 [error] [Error: Command failed: python -c "import sys;print(sys.executable)"
/bin/sh: 1: python: not found

	at genericNodeError (node:internal/errors:984:15)
	at wrappedFn (node:internal/errors:538:14)
	at ChildProcess.exithandler (node:child_process:423:12)
	at ChildProcess.emit (node:events:531:35)
	at maybeClose (node:internal/child_process:1105:16)
	at Socket.<anonymous> (node:internal/child_process:457:11)
	at Socket.emit (node:events:519:28)
	at Pipe.<anonymous> (node:net:339:12)] {
  code: 127,
  killed: false,
  signal: null,
  cmd: 'python -c "import sys;print(sys.executable)"'
}
2024-10-25 13:23:38.984 [info] Experiment 'pythonaa' is active
2024-10-25 13:23:38.984 [info] Experiment 'pythonRecommendTensorboardExt' is active
2024-10-25 13:23:38.984 [info] Experiment 'pythonSurveyNotificationcf' is active
2024-10-25 13:23:38.984 [info] Experiment 'pythonTerminalEnvVarActivation' is active
2024-10-25 13:23:38.984 [info] Experiment 'pythonTestAdapter' is active
2024-10-25 13:23:38.989 [warning] Dir "/root/ROS_vehicle/.pixi/envs" is not watchable (directory does not exist)
2024-10-25 13:23:39.116 [info] Default formatter is set to null for workspace /root/ROS_vehicle
2024-10-25 13:23:39.135 [info] Starting Environment refresh
2024-10-25 13:23:39.135 [info] Searching for interpreters in posix paths locator
2024-10-25 13:23:39.139 [info] Searching for pyenv environments
2024-10-25 13:23:39.139 [info] Searching for conda environments
2024-10-25 13:23:39.140 [info] Searching for global virtual environments
2024-10-25 13:23:39.140 [info] Searching for custom virtual environments
2024-10-25 13:23:39.266 [info] pyenv is not installed
2024-10-25 13:23:39.266 [info] Finished searching for pyenv environments: 130 milliseconds
2024-10-25 13:23:39.267 [info] Finished searching for custom virtual envs: 130 milliseconds
2024-10-25 13:23:39.270 [info] > conda info --json
2024-10-25 13:23:39.275 [info] > hatch env show --json
2024-10-25 13:23:39.275 [info] cwd: .
2024-10-25 13:23:39.315 [info] > pyenv which python
2024-10-25 13:23:39.315 [info] cwd: .
2024-10-25 13:23:39.316 [info] Finished searching for global virtual envs: 179 milliseconds
2024-10-25 13:23:39.346 [info] Found: /bin/python3 --> /bin/python3.10
2024-10-25 13:23:39.347 [info] Found: /bin/python3.10 --> /bin/python3.10
2024-10-25 13:23:39.391 [info] Found: /usr/bin/python3 --> /usr/bin/python3.10
2024-10-25 13:23:39.396 [info] > ./.venv/bin/python -I ~/.vscode/extensions/ms-python.python-2024.16.1-linux-x64/python_files/get_output_via_markers.py ~/.vscode/extensions/ms-python.python-2024.16.1-linux-x64/python_files/interpreterInfo.py
2024-10-25 13:23:39.398 [info] Found: /usr/bin/python3.10 --> /usr/bin/python3.10
2024-10-25 13:23:39.447 [info] Finished searching for interpreters in posix paths locator: 310 milliseconds
2024-10-25 13:23:39.447 [info] > /bin/python3 -I ~/.vscode/extensions/ms-python.python-2024.16.1-linux-x64/python_files/get_output_via_markers.py ~/.vscode/extensions/ms-python.python-2024.16.1-linux-x64/python_files/interpreterInfo.py
2024-10-25 13:23:39.467 [info] > /usr/bin/python3 -I ~/.vscode/extensions/ms-python.python-2024.16.1-linux-x64/python_files/get_output_via_markers.py ~/.vscode/extensions/ms-python.python-2024.16.1-linux-x64/python_files/interpreterInfo.py
2024-10-25 13:23:39.468 [info] Environments refresh paths discovered (event): 334 milliseconds
2024-10-25 13:23:39.468 [info] Environments refresh paths discovered: 335 milliseconds
2024-10-25 13:23:39.564 [info] Environments refresh finished (event): 431 milliseconds
2024-10-25 13:23:39.568 [info] Environment refresh took 435 milliseconds
2024-10-25 13:23:39.584 [info] Python interpreter path: ./.venv/bin/python
2024-10-25 13:23:39.615 [info] > . ./.venv/bin/activate && echo 'e8b39361-0157-4923-80e1-22d70d46dee6' && python ~/.vscode/extensions/ms-python.python-2024.16.1-linux-x64/python_files/printEnvVariables.py
2024-10-25 13:23:39.615 [info] shell: bash
2024-10-25 13:23:39.622 [info] > /bin/python3.10 -I ~/.vscode/extensions/ms-python.python-2024.16.1-linux-x64/python_files/get_output_via_markers.py ~/.vscode/extensions/ms-python.python-2024.16.1-linux-x64/python_files/interpreterInfo.py
2024-10-25 13:23:39.625 [info] > /usr/bin/python3.10 -I ~/.vscode/extensions/ms-python.python-2024.16.1-linux-x64/python_files/get_output_via_markers.py ~/.vscode/extensions/ms-python.python-2024.16.1-linux-x64/python_files/interpreterInfo.py
2024-10-25 13:23:39.641 [info] > /bin/python3 ~/.vscode/extensions/ms-python.python-2024.16.1-linux-x64/python_files/printEnvVariables.py
2024-10-25 13:23:39.641 [info] shell: bash
2024-10-25 13:23:39.662 [info] Setting environment variable VIRTUAL_ENV in collection to /root/ROS_vehicle/.venv {"applyAtShellIntegration":true,"applyAtProcessCreation":true}
2024-10-25 13:23:39.662 [info] Setting environment variable VIRTUAL_ENV_PROMPT in collection to (.venv)  {"applyAtShellIntegration":true,"applyAtProcessCreation":true}
2024-10-25 13:23:39.662 [info] Prepending environment variable PS1 in collection with (.venv)  {"applyAtShellIntegration":true,"applyAtProcessCreation":false}
2024-10-25 13:23:39.662 [info] Prepending environment variable PATH in collection with /root/.vscode/extensions/ms-python.python-2024.16.1-linux-x64/python_files/deactivate/bash:/root/ROS_vehicle/.venv/bin: {"applyAtShellIntegration":true,"applyAtProcessCreation":true}
2024-10-25 13:23:39.663 [info] Send text to terminal: /bin/python3.10 /root/.vscode/extensions/ms-python.python-2024.16.1-linux-x64/python_files/printEnvVariablesToFile.py /root/.vscode/extensions/ms-python.python-2024.16.1-linux-x64/python_files/deactivate/bash/envVars.txt
2024-10-25 13:23:40.804 [info] Starting Pylance language server.
2024-10-25 13:23:40.818 [info] > ./.venv/bin/python -I ~/.vscode/extensions/ms-python.python-2024.16.1-linux-x64/python_files/get_output_via_markers.py ~/.vscode/extensions/ms-python.python-2024.16.1-linux-x64/python_files/interpreterInfo.py
