2024-10-25 13:23:36.257 [info] Starting Python Locator /root/.vscode/extensions/ms-python.python-2024.16.1-linux-x64/python-env-tools/bin/pet server
2024-10-25 13:23:36.283 [info] Discovered env: /root/ROS_vehicle/.venv/bin/python
2024-10-25 13:23:36.284 [info] Discovered env: /usr/bin/python3
2024-10-25 13:23:36.286 [info] Discovered env: /usr/bin/python3.10
2024-10-25 13:23:36.288 [info] Discovered env: /bin/python3
2024-10-25 13:23:36.289 [info] Discovered env: /bin/python3.10
2024-10-25 13:23:36.422 [info] Resolved /bin/python3
2024-10-25 13:23:36.464 [info] Resolved /usr/bin/python3.10
2024-10-25 13:23:36.465 [info] Resolved /usr/bin/python3
2024-10-25 13:23:36.465 [info] Resolved /bin/python3.10
2024-10-25 13:23:36.466 [info] Locator Conda took 85.286948ms
2024-10-25 13:23:36.466 [info] Locator Homebrew took 1.510008ms
2024-10-25 13:23:36.466 [info] Locator LinuxGlobal took 178.922088ms
2024-10-25 13:23:36.467 [info] Locator PipEnv took 140.844µs
2024-10-25 13:23:36.467 [info] Locator Poetry took 1.17342ms
2024-10-25 13:23:36.467 [info] Locator PyEnv took 1.56493ms
2024-10-25 13:23:36.467 [info] Locator Venv took 30.701µs
2024-10-25 13:23:36.467 [info] Locator VirtualEnv took 2.655367ms
2024-10-25 13:23:36.467 [info] Locator VirtualEnvWrapper took 343.999µs
2024-10-25 13:23:36.468 [info] Locator GlobalVirtualEnvs took 237.856µs
2024-10-25 13:23:36.468 [info] Locator Locators took 186.062967ms
2024-10-25 13:23:36.468 [info] Locator Path took 75.251476ms
2024-10-25 13:23:36.468 [info] Locator Workspaces took 87.772341ms
2024-10-25 13:23:36.468 [info] Refresh completed in 186ms
