2024-10-25 13:23:35.269 [info] Extension host with pid 23821 started
2024-10-25 13:23:35.269 [info] Skipping acquiring lock for /root/ROS_vehicle/models/~/.vscode-root/User/workspaceStorage/c61a694cb2a32f62d5c98dcc38ea6b57.
2024-10-25 13:23:35.423 [info] ExtensionService#_doActivateExtension vscode.git-base, startup: true, activationEvent: '*'
2024-10-25 13:23:35.429 [info] ExtensionService#_doActivateExtension ms-python.python, startup: true, activationEvent: 'workspaceContains:.venv'
2024-10-25 13:23:35.865 [info] ExtensionService#_doActivateExtension vscode.github, startup: true, activationEvent: '*'
2024-10-25 13:23:36.256 [info] Eager extensions activated
2024-10-25 13:23:36.321 [info] ExtensionService#_doActivateExtension vscode.debug-auto-launch, startup: false, activationEvent: 'onStartupFinished'
2024-10-25 13:23:36.324 [info] ExtensionService#_doActivateExtension vscode.merge-conflict, startup: false, activationEvent: 'onStartupFinished'
2024-10-25 13:23:36.610 [info] ExtensionService#_doActivateExtension ms-python.vscode-pylance, startup: false, activationEvent: 'api', root cause: ms-python.python
2024-10-25 13:23:38.409 [info] ExtensionService#_doActivateExtension vscode.git, startup: false, activationEvent: 'api', root cause: vscode.github
2024-10-25 13:23:38.870 [info] ExtensionService#_doActivateExtension vscode.emmet, startup: false, activationEvent: 'onLanguage'
2024-10-25 13:23:39.026 [warning] [Decorations] CAPPING events from decorations provider vscode.git 477
2024-10-25 13:23:39.279 [info] ExtensionService#_doActivateExtension vscode.github-authentication, startup: false, activationEvent: 'onAuthenticationRequest:github'
2024-10-25 13:23:39.376 [warning] [Decorations] CAPPING events from decorations provider vscode.git 479
2024-10-25 13:23:44.185 [warning] [Decorations] CAPPING events from decorations provider vscode.git 484
2024-10-25 13:23:49.232 [warning] [Decorations] CAPPING events from decorations provider vscode.git 483
2024-10-25 13:23:54.284 [warning] [Decorations] CAPPING events from decorations provider vscode.git 483
2024-10-25 13:24:12.467 [warning] [Decorations] CAPPING events from decorations provider vscode.git 483
2024-10-25 13:24:17.491 [warning] [Decorations] CAPPING events from decorations provider vscode.git 482
2024-10-25 13:24:40.358 [warning] [Decorations] CAPPING events from decorations provider vscode.git 483
