2024-10-24 11:56:58.174 [info] Starting Python Locator /root/.vscode/extensions/ms-python.python-2024.16.1-linux-x64/python-env-tools/bin/pet server
2024-10-24 11:56:58.291 [info] Discovered env: /root/ROS_vehicle/.venv/bin/python
2024-10-24 11:56:58.420 [info] Discovered env: /bin/python3
2024-10-24 11:56:58.430 [info] Discovered env: /usr/bin/python3
2024-10-24 11:56:58.445 [info] Discovered env: /usr/bin/python3.10
2024-10-24 11:56:58.450 [info] Discovered env: /bin/python3.10
2024-10-24 11:56:58.890 [info] Resolved /bin/python3
2024-10-24 11:56:58.890 [info] Resolved /usr/bin/python3
2024-10-24 11:56:58.892 [info] Locator Conda took 227.205856ms
2024-10-24 11:56:58.892 [info] Locator Homebrew took 7.289844ms
2024-10-24 11:56:58.892 [info] Locator LinuxGlobal took 289.677311ms
2024-10-24 11:56:58.893 [info] Locator PipEnv took 12.6µs
2024-10-24 11:56:58.893 [info] Locator Poetry took 976.098µs
2024-10-24 11:56:58.893 [info] Locator PyEnv took 8.842362ms
2024-10-24 11:56:58.893 [info] Locator Venv took 17.21µs
2024-10-24 11:56:58.893 [info] Locator VirtualEnv took 71.131µs
2024-10-24 11:56:58.893 [info] Locator VirtualEnvWrapper took 21.091µs
2024-10-24 11:56:58.894 [info] Locator GlobalVirtualEnvs took 307.215µs
2024-10-24 11:56:58.894 [info] Locator Locators took 296.492736ms
2024-10-24 11:56:58.894 [info] Locator Path took 242.459493ms
2024-10-24 11:56:58.894 [info] Locator Workspaces took 107.835643ms
2024-10-24 11:56:58.894 [info] Refresh completed in 296ms
2024-10-24 11:56:58.902 [info] Resolved /bin/python3.10
2024-10-24 11:56:58.903 [info] Resolved /usr/bin/python3.10
