2024-10-24 11:56:58.115 [info] Experiment 'pythonaa' is active
2024-10-24 11:56:58.115 [info] Experiment 'pythonRecommendTensorboardExt' is active
2024-10-24 11:56:58.115 [info] Experiment 'pythonSurveyNotificationcf' is active
2024-10-24 11:56:58.115 [info] Experiment 'pythonTerminalEnvVarActivation' is active
2024-10-24 11:56:58.115 [info] Experiment 'pythonTestAdapter' is active
2024-10-24 11:56:58.136 [warning] Dir "/root/ROS_vehicle/.pixi/envs" is not watchable (directory does not exist)
2024-10-24 11:56:58.322 [info] > pyenv which python
2024-10-24 11:56:58.322 [info] cwd: .
2024-10-24 11:56:58.380 [info] > pixi --version
2024-10-24 11:56:58.404 [info] > python -c "import sys;print(sys.executable)"
2024-10-24 11:56:58.408 [error] [Error: Command failed: python -c "import sys;print(sys.executable)"
/bin/sh: 1: python: not found

	at genericNodeError (node:internal/errors:984:15)
	at wrappedFn (node:internal/errors:538:14)
	at ChildProcess.exithandler (node:child_process:423:12)
	at ChildProcess.emit (node:events:531:35)
	at maybeClose (node:internal/child_process:1105:16)
	at Socket.<anonymous> (node:internal/child_process:457:11)
	at Socket.emit (node:events:519:28)
	at Pipe.<anonymous> (node:net:339:12)] {
  code: 127,
  killed: false,
  signal: null,
  cmd: 'python -c "import sys;print(sys.executable)"'
}
2024-10-24 11:57:00.176 [info] Experiment 'pythonaa' is active
2024-10-24 11:57:00.177 [info] Experiment 'pythonRecommendTensorboardExt' is active
2024-10-24 11:57:00.177 [info] Experiment 'pythonSurveyNotificationcf' is active
2024-10-24 11:57:00.177 [info] Experiment 'pythonTerminalEnvVarActivation' is active
2024-10-24 11:57:00.177 [info] Experiment 'pythonTestAdapter' is active
2024-10-24 11:57:00.178 [warning] Dir "/root/ROS_vehicle/.pixi/envs" is not watchable (directory does not exist)
2024-10-24 11:57:00.256 [info] Default formatter is set to null for workspace /root/ROS_vehicle
2024-10-24 11:57:00.271 [info] Starting Environment refresh
2024-10-24 11:57:00.271 [info] Searching for interpreters in posix paths locator
2024-10-24 11:57:00.280 [info] Searching for pyenv environments
2024-10-24 11:57:00.280 [info] Searching for conda environments
2024-10-24 11:57:00.281 [info] Searching for global virtual environments
2024-10-24 11:57:00.281 [info] Searching for custom virtual environments
2024-10-24 11:57:00.287 [info] pyenv is not installed
2024-10-24 11:57:00.287 [info] Finished searching for pyenv environments: 15 milliseconds
2024-10-24 11:57:00.287 [info] Finished searching for custom virtual envs: 14 milliseconds
2024-10-24 11:57:00.296 [info] > conda info --json
2024-10-24 11:57:00.309 [info] > hatch env show --json
2024-10-24 11:57:00.309 [info] cwd: .
2024-10-24 11:57:00.356 [info] > pyenv which python
2024-10-24 11:57:00.356 [info] cwd: .
2024-10-24 11:57:00.357 [info] Finished searching for global virtual envs: 84 milliseconds
2024-10-24 11:57:00.389 [info] Found: /bin/python3 --> /bin/python3.10
2024-10-24 11:57:00.394 [info] Found: /bin/python3.10 --> /bin/python3.10
2024-10-24 11:57:00.427 [info] > ./.venv/bin/python -I ~/.vscode/extensions/ms-python.python-2024.16.1-linux-x64/python_files/get_output_via_markers.py ~/.vscode/extensions/ms-python.python-2024.16.1-linux-x64/python_files/interpreterInfo.py
2024-10-24 11:57:00.456 [info] Found: /usr/bin/python3 --> /usr/bin/python3.10
2024-10-24 11:57:00.456 [info] Found: /usr/bin/python3.10 --> /usr/bin/python3.10
2024-10-24 11:57:00.520 [info] Finished searching for interpreters in posix paths locator: 246 milliseconds
2024-10-24 11:57:00.520 [info] > /bin/python3 -I ~/.vscode/extensions/ms-python.python-2024.16.1-linux-x64/python_files/get_output_via_markers.py ~/.vscode/extensions/ms-python.python-2024.16.1-linux-x64/python_files/interpreterInfo.py
2024-10-24 11:57:00.554 [info] > /usr/bin/python3 -I ~/.vscode/extensions/ms-python.python-2024.16.1-linux-x64/python_files/get_output_via_markers.py ~/.vscode/extensions/ms-python.python-2024.16.1-linux-x64/python_files/interpreterInfo.py
2024-10-24 11:57:00.554 [info] Environments refresh paths discovered (event): 288 milliseconds
2024-10-24 11:57:00.554 [info] Environments refresh paths discovered: 288 milliseconds
2024-10-24 11:57:00.591 [info] Environments refresh finished (event): 325 milliseconds
2024-10-24 11:57:00.598 [info] Environment refresh took 332 milliseconds
2024-10-24 11:57:00.620 [info] Python interpreter path: ./.venv/bin/python
2024-10-24 11:57:00.673 [info] > . ./.venv/bin/activate && echo 'e8b39361-0157-4923-80e1-22d70d46dee6' && python ~/.vscode/extensions/ms-python.python-2024.16.1-linux-x64/python_files/printEnvVariables.py
2024-10-24 11:57:00.673 [info] shell: bash
2024-10-24 11:57:00.682 [info] > /usr/bin/python3.10 -I ~/.vscode/extensions/ms-python.python-2024.16.1-linux-x64/python_files/get_output_via_markers.py ~/.vscode/extensions/ms-python.python-2024.16.1-linux-x64/python_files/interpreterInfo.py
2024-10-24 11:57:00.696 [info] > /bin/python3.10 -I ~/.vscode/extensions/ms-python.python-2024.16.1-linux-x64/python_files/get_output_via_markers.py ~/.vscode/extensions/ms-python.python-2024.16.1-linux-x64/python_files/interpreterInfo.py
2024-10-24 11:57:00.727 [info] > /bin/python3 ~/.vscode/extensions/ms-python.python-2024.16.1-linux-x64/python_files/printEnvVariables.py
2024-10-24 11:57:00.727 [info] shell: bash
2024-10-24 11:57:00.779 [info] Setting environment variable VIRTUAL_ENV in collection to /root/ROS_vehicle/.venv {"applyAtShellIntegration":true,"applyAtProcessCreation":true}
2024-10-24 11:57:00.779 [info] Setting environment variable VIRTUAL_ENV_PROMPT in collection to (.venv)  {"applyAtShellIntegration":true,"applyAtProcessCreation":true}
2024-10-24 11:57:00.780 [info] Prepending environment variable PS1 in collection with (.venv)  {"applyAtShellIntegration":true,"applyAtProcessCreation":false}
2024-10-24 11:57:00.780 [info] Prepending environment variable PATH in collection with /root/.vscode/extensions/ms-python.python-2024.16.1-linux-x64/python_files/deactivate/bash:/root/ROS_vehicle/.venv/bin: {"applyAtShellIntegration":true,"applyAtProcessCreation":true}
2024-10-24 11:57:00.781 [info] Send text to terminal: /bin/python3.10 /root/.vscode/extensions/ms-python.python-2024.16.1-linux-x64/python_files/printEnvVariablesToFile.py /root/.vscode/extensions/ms-python.python-2024.16.1-linux-x64/python_files/deactivate/bash/envVars.txt
2024-10-24 11:57:01.913 [info] Starting Pylance language server.
2024-10-24 11:57:01.931 [info] > ./.venv/bin/python -I ~/.vscode/extensions/ms-python.python-2024.16.1-linux-x64/python_files/get_output_via_markers.py ~/.vscode/extensions/ms-python.python-2024.16.1-linux-x64/python_files/interpreterInfo.py
