2024-10-24 11:56:59.496 [info] (Client) Pylance async client (2024.10.1) started with python extension (2024.16.1)
2024-10-24 11:57:00.059 [info] [Info  - 11:57:00 AM] (10387) Server root directory: file:///root/.vscode/extensions/ms-python.vscode-pylance-2024.10.1/dist
2024-10-24 11:57:00.059 [info] [Info  - 11:57:00 AM] (10387) Pylance language server 2024.10.1 (pyright version 1.1.382, commit e46efc6b) starting
2024-10-24 11:57:00.060 [info] [Info  - 11:57:00 AM] (10387) Starting service instance "ROS_vehicle"
2024-10-24 11:57:00.181 [info] [Info  - 11:57:00 AM] Server process exited successfully
2024-10-24 11:57:01.175 [info] (Client) Pylance async client (2024.10.1) started with python extension (2024.16.1)
2024-10-24 11:57:01.896 [info] [Info  - 11:57:01 AM] (10572) Server root directory: file:///root/.vscode/extensions/ms-python.vscode-pylance-2024.10.1/dist
2024-10-24 11:57:01.897 [info] [Info  - 11:57:01 AM] (10572) Pylance language server 2024.10.1 (pyright version 1.1.382, commit e46efc6b) starting
2024-10-24 11:57:01.903 [info] [Info  - 11:57:01 AM] (10572) Starting service instance "ROS_vehicle"
2024-10-24 11:57:01.970 [info] [Info  - 11:57:01 AM] (10572) Setting environmentName for service "ROS_vehicle": "3.10.12 (.venv venv)"
2024-10-24 11:57:01.971 [info] [Info  - 11:57:01 AM] (10572) Setting pythonPath for service "ROS_vehicle": "/root/ROS_vehicle/.venv/bin/python"
2024-10-24 11:57:01.971 [info] [Info  - 11:57:01 AM] (10572) No include entries specified; assuming /root/ROS_vehicle
2024-10-24 11:57:01.972 [info] [Info  - 11:57:01 AM] (10572) Auto-excluding **/node_modules
2024-10-24 11:57:01.972 [info] [Info  - 11:57:01 AM] (10572) Auto-excluding **/__pycache__
2024-10-24 11:57:01.972 [info] [Info  - 11:57:01 AM] (10572) Auto-excluding **/.*
2024-10-24 11:57:01.993 [info] [Info  - 11:57:01 AM] (10572) Assuming Python version 3.10.12.final.0
2024-10-24 11:57:02.203 [info] [Info  - 11:57:02 AM] (10572) Found 11 source files
2024-10-24 11:57:02.434 [info] [Info  - 11:57:02 AM] (10572) Background analysis(1) root directory: file:///root/.vscode/extensions/ms-python.vscode-pylance-2024.10.1/dist
2024-10-24 11:57:02.436 [info] [Info  - 11:57:02 AM] (10572) Background analysis(1) started
2024-10-24 11:57:18.830 [info] [Info  - 11:57:18 AM] (10572) Found 9 source files
